This is pdfTeX, Version 3.14159265-2.6-1.40.20 (TeX Live 2019/Debian) (preloaded format=pdflatex 2020.9.6)  21 MAR 2022 01:24
entering extended mode
 restricted \write18 enabled.
 file:line:error style messages enabled.
 %&-line parsing enabled.
**/home/thom/Documents/2021.d/2021-2022_astro/5eme/5x8-angles/5x8-ie.tex
(/home/thom/Documents/2021.d/2021-2022_astro/5eme/5x8-angles/5x8-ie.tex
LaTeX2e <2020-02-02> patch level 2
L3 programming layer <2020-02-14>

! LaTeX Error: File `../doc-class-cours.tex' not found.

Type X to quit or <RETURN> to proceed,
or enter new name. (Default extension: tex)

Enter file name: 
/home/thom/Documents/2021.d/2021-2022_astro/5eme/5x8-angles/5x8-ie.tex:1: Emergency stop.
<read *> 
         
l.1 \input{../doc-class-cours.tex}
                                  ^^M
*** (cannot \read from terminal in nonstop modes)

 
Here is how much of TeX's memory you used:
 20 strings out of 481239
 663 string characters out of 5920378
 236564 words of memory out of 5000000
 15385 multiletter control sequences out of 15000+600000
 532338 words of font info for 24 fonts, out of 8000000 for 9000
 1141 hyphenation exceptions out of 8191
 12i,0n,15p,132b,10s stack positions out of 5000i,500n,10000p,200000b,80000s
/home/thom/Documents/2021.d/2021-2022_astro/5eme/5x8-angles/5x8-ie.tex:1:  ==> Fatal error occurred, no output PDF file produced!
